[15:55:34.146] Global cache location '/home/fetz/.cache/typescript/4.6', safe file path '/home/fetz/.emacs.d/.local/etc/lsp/npm/typescript/lib/node_modules/typescript/lib/typingSafeList.json', types map path /home/fetz/.emacs.d/.local/etc/lsp/npm/typescript/lib/node_modules/typescript/lib/typesMap.json
[15:55:34.147] Processing cache location '/home/fetz/.cache/typescript/4.6'
[15:55:34.147] Trying to find '/home/fetz/.cache/typescript/4.6/package.json'...
[15:55:34.149] Loaded content of '/home/fetz/.cache/typescript/4.6/package.json': {"private":true,"dependencies":{"types-registry":"^0.1.590"},"devDependencies":{"@types/base64-js":"^1.3.0","@types/basic-auth":"^1.1.3","@types/bn.js":"^5.1.0","@types/body-parser":"^1.19.2","@types/bootstrap":"^5.1.9","@types/brorand":"^1.0.30","@types/buffer-xor":"^2.0.0","@types/chai":"^4.3.0","@types/cipher-base":"^1.0.1","@types/co":"^4.6.3","@types/cookie":"^0.4.1","@types/cookie-parser":"^1.4.2","@types/cookie-signature":"^1.0.4","@types/cors":"^2.8.12","@types/create-hash":"^1.2.2","@types/create-hmac":"^1.1.0","@types/debug":"^4.1.7","@types/depd":"^1.1.32","@types/diffie-hellman":"^5.0.0","@types/ee-first":"^1.1.0","@types/elliptic":"^6.4.14","@types/eslint":"^8.4.1","@types/express":"^4.17.13","@types/http-errors":"^1.8.2","@types/inherits":"0.0.30","@types/isarray":"^2.0.0","@types/jade":"0.0.31","@types/keccak":"^3.0.1","@types/minimalistic-assert":"^1.0.1","@types/morgan":"^1.9.3","@types/mysql":"^2.15.21","@types/node":"^17.0.22","@types/on-finished":"^2.3.1","@types/on-headers":"^1.0.0","@types/pbkdf2":"^3.1.0","@types/pg":"^8.6.5","@types/pg-pool":"^2.0.3","@types/prop-types":"^15.7.4","@types/randombytes":"^2.0.0","@types/react":"^17.0.43","@types/react-bootstrap":"^0.32.29","@types/react-burger-menu":"^2.8.3","@types/react-dom":"^17.0.14","@types/react-redux":"^7.1.23","@types/react-router-dom":"^5.3.3","@types/readable-stream":"^2.3.13","@types/ripemd160":"^2.0.0","@types/safer-buffer":"^2.1.0","@types/sass":"^1.43.1","@types/secp256k1":"^4.0.3","@types/sha.js":"^2.4.0","@types/sjcl":"^1.0.30","@types/statuses":"^2.0.0","@types/testing-library__jest-dom":"^5.14.3","@types/util-deprecate":"^1.0.0","@types/uuid":"^8.3.4"}}
[15:55:34.149] Loaded content of '/home/fetz/.cache/typescript/4.6/package-lock.json'
[15:55:34.156] Adding entry into typings cache: 'base64-js' => '/home/fetz/.cache/typescript/4.6/node_modules/@types/base64-js/index.d.ts'
[15:55:34.158] Adding entry into typings cache: 'basic-auth' => '/home/fetz/.cache/typescript/4.6/node_modules/@types/basic-auth/index.d.ts'
[15:55:34.159] Adding entry into typings cache: 'bn.js' => '/home/fetz/.cache/typescript/4.6/node_modules/@types/bn.js/index.d.ts'
[15:55:34.161] Adding entry into typings cache: 'body-parser' => '/home/fetz/.cache/typescript/4.6/node_modules/@types/body-parser/index.d.ts'
[15:55:34.162] Adding entry into typings cache: 'bootstrap' => '/home/fetz/.cache/typescript/4.6/node_modules/@types/bootstrap/index.d.ts'
[15:55:34.163] Adding entry into typings cache: 'brorand' => '/home/fetz/.cache/typescript/4.6/node_modules/@types/brorand/index.d.ts'
[15:55:34.163] Adding entry into typings cache: 'buffer-xor' => '/home/fetz/.cache/typescript/4.6/node_modules/@types/buffer-xor/index.d.ts'
[15:55:34.165] Adding entry into typings cache: 'chai' => '/home/fetz/.cache/typescript/4.6/node_modules/@types/chai/index.d.ts'
[15:55:34.166] Adding entry into typings cache: 'cipher-base' => '/home/fetz/.cache/typescript/4.6/node_modules/@types/cipher-base/index.d.ts'
[15:55:34.167] Adding entry into typings cache: 'co' => '/home/fetz/.cache/typescript/4.6/node_modules/@types/co/index.d.ts'
[15:55:34.168] Adding entry into typings cache: 'cookie' => '/home/fetz/.cache/typescript/4.6/node_modules/@types/cookie/index.d.ts'
[15:55:34.169] Adding entry into typings cache: 'cookie-parser' => '/home/fetz/.cache/typescript/4.6/node_modules/@types/cookie-parser/index.d.ts'
[15:55:34.171] Adding entry into typings cache: 'cookie-signature' => '/home/fetz/.cache/typescript/4.6/node_modules/@types/cookie-signature/index.d.ts'
[15:55:34.171] Adding entry into typings cache: 'cors' => '/home/fetz/.cache/typescript/4.6/node_modules/@types/cors/index.d.ts'
[15:55:34.172] Adding entry into typings cache: 'create-hash' => '/home/fetz/.cache/typescript/4.6/node_modules/@types/create-hash/index.d.ts'
[15:55:34.173] Adding entry into typings cache: 'create-hmac' => '/home/fetz/.cache/typescript/4.6/node_modules/@types/create-hmac/index.d.ts'
[15:55:34.174] Adding entry into typings cache: 'debug' => '/home/fetz/.cache/typescript/4.6/node_modules/@types/debug/index.d.ts'
[15:55:34.175] Adding entry into typings cache: 'depd' => '/home/fetz/.cache/typescript/4.6/node_modules/@types/depd/index.d.ts'
[15:55:34.176] Adding entry into typings cache: 'diffie-hellman' => '/home/fetz/.cache/typescript/4.6/node_modules/@types/diffie-hellman/index.d.ts'
[15:55:34.176] Adding entry into typings cache: 'ee-first' => '/home/fetz/.cache/typescript/4.6/node_modules/@types/ee-first/index.d.ts'
[15:55:34.177] Adding entry into typings cache: 'elliptic' => '/home/fetz/.cache/typescript/4.6/node_modules/@types/elliptic/index.d.ts'
[15:55:34.178] Adding entry into typings cache: 'eslint' => '/home/fetz/.cache/typescript/4.6/node_modules/@types/eslint/index.d.ts'
[15:55:34.179] Adding entry into typings cache: 'express' => '/home/fetz/.cache/typescript/4.6/node_modules/@types/express/index.d.ts'
[15:55:34.180] Adding entry into typings cache: 'http-errors' => '/home/fetz/.cache/typescript/4.6/node_modules/@types/http-errors/index.d.ts'
[15:55:34.180] Adding entry into typings cache: 'inherits' => '/home/fetz/.cache/typescript/4.6/node_modules/@types/inherits/index.d.ts'
[15:55:34.181] Adding entry into typings cache: 'isarray' => '/home/fetz/.cache/typescript/4.6/node_modules/@types/isarray/index.d.ts'
[15:55:34.182] Adding entry into typings cache: 'jade' => '/home/fetz/.cache/typescript/4.6/node_modules/@types/jade/index.d.ts'
[15:55:34.182] Adding entry into typings cache: 'keccak' => '/home/fetz/.cache/typescript/4.6/node_modules/@types/keccak/index.d.ts'
[15:55:34.182] Adding entry into typings cache: 'minimalistic-assert' => '/home/fetz/.cache/typescript/4.6/node_modules/@types/minimalistic-assert/index.d.ts'
[15:55:34.183] Adding entry into typings cache: 'morgan' => '/home/fetz/.cache/typescript/4.6/node_modules/@types/morgan/index.d.ts'
[15:55:34.184] Adding entry into typings cache: 'mysql' => '/home/fetz/.cache/typescript/4.6/node_modules/@types/mysql/index.d.ts'
[15:55:34.186] Adding entry into typings cache: 'node' => '/home/fetz/.cache/typescript/4.6/node_modules/@types/node/index.d.ts'
[15:55:34.187] Adding entry into typings cache: 'on-finished' => '/home/fetz/.cache/typescript/4.6/node_modules/@types/on-finished/index.d.ts'
[15:55:34.188] Adding entry into typings cache: 'on-headers' => '/home/fetz/.cache/typescript/4.6/node_modules/@types/on-headers/index.d.ts'
[15:55:34.188] Adding entry into typings cache: 'pbkdf2' => '/home/fetz/.cache/typescript/4.6/node_modules/@types/pbkdf2/index.d.ts'
[15:55:34.188] Adding entry into typings cache: 'pg' => '/home/fetz/.cache/typescript/4.6/node_modules/@types/pg/index.d.ts'
[15:55:34.189] Adding entry into typings cache: 'pg-pool' => '/home/fetz/.cache/typescript/4.6/node_modules/@types/pg-pool/index.d.ts'
[15:55:34.189] Adding entry into typings cache: 'prop-types' => '/home/fetz/.cache/typescript/4.6/node_modules/@types/prop-types/index.d.ts'
[15:55:34.190] Adding entry into typings cache: 'randombytes' => '/home/fetz/.cache/typescript/4.6/node_modules/@types/randombytes/index.d.ts'
[15:55:34.191] Adding entry into typings cache: 'react' => '/home/fetz/.cache/typescript/4.6/node_modules/@types/react/index.d.ts'
[15:55:34.192] Adding entry into typings cache: 'react-bootstrap' => '/home/fetz/.cache/typescript/4.6/node_modules/@types/react-bootstrap/index.d.ts'
[15:55:34.193] Adding entry into typings cache: 'react-burger-menu' => '/home/fetz/.cache/typescript/4.6/node_modules/@types/react-burger-menu/index.d.ts'
[15:55:34.194] Adding entry into typings cache: 'react-dom' => '/home/fetz/.cache/typescript/4.6/node_modules/@types/react-dom/index.d.ts'
[15:55:34.195] Adding entry into typings cache: 'react-redux' => '/home/fetz/.cache/typescript/4.6/node_modules/@types/react-redux/index.d.ts'
[15:55:34.196] Adding entry into typings cache: 'react-router-dom' => '/home/fetz/.cache/typescript/4.6/node_modules/@types/react-router-dom/index.d.ts'
[15:55:34.197] Adding entry into typings cache: 'readable-stream' => '/home/fetz/.cache/typescript/4.6/node_modules/@types/readable-stream/index.d.ts'
[15:55:34.197] Adding entry into typings cache: 'ripemd160' => '/home/fetz/.cache/typescript/4.6/node_modules/@types/ripemd160/index.d.ts'
[15:55:34.198] Adding entry into typings cache: 'safer-buffer' => '/home/fetz/.cache/typescript/4.6/node_modules/@types/safer-buffer/index.d.ts'
[15:55:34.199] Adding entry into typings cache: 'sass' => '/home/fetz/.cache/typescript/4.6/node_modules/@types/sass/index.d.ts'
[15:55:34.199] Adding entry into typings cache: 'secp256k1' => '/home/fetz/.cache/typescript/4.6/node_modules/@types/secp256k1/index.d.ts'
[15:55:34.200] Adding entry into typings cache: 'sha.js' => '/home/fetz/.cache/typescript/4.6/node_modules/@types/sha.js/index.d.ts'
[15:55:34.200] Adding entry into typings cache: 'sjcl' => '/home/fetz/.cache/typescript/4.6/node_modules/@types/sjcl/index.d.ts'
[15:55:34.201] Adding entry into typings cache: 'statuses' => '/home/fetz/.cache/typescript/4.6/node_modules/@types/statuses/index.d.ts'
[15:55:34.201] Adding entry into typings cache: 'testing-library__jest-dom' => '/home/fetz/.cache/typescript/4.6/node_modules/@types/testing-library__jest-dom/index.d.ts'
[15:55:34.202] Adding entry into typings cache: 'util-deprecate' => '/home/fetz/.cache/typescript/4.6/node_modules/@types/util-deprecate/index.d.ts'
[15:55:34.203] Adding entry into typings cache: 'uuid' => '/home/fetz/.cache/typescript/4.6/node_modules/@types/uuid/index.d.ts'
[15:55:34.203] Finished processing cache location '/home/fetz/.cache/typescript/4.6'
[15:55:34.203] Process id: 185816
[15:55:34.203] NPM location: /usr/local/bin/npm (explicit '--npmLocation' not  provided)
[15:55:34.203] validateDefaultNpmLocation: false
[15:55:34.203] Npm config file: /home/fetz/.cache/typescript/4.6/package.json
[15:55:34.203] Updating types-registry npm package...
[15:55:34.203] Exec: /usr/local/bin/npm install --ignore-scripts types-registry@latest
[15:55:35.095]     Succeeded. stdout:
    
    up to date, audited 104 packages in 691ms

5 packages are looking for funding
  run `npm fund` for details

found 0 vulnerabilities

[15:55:35.095] Updated types-registry npm package
[15:55:35.115] Got install request {"projectName":"/dev/null/inferredProject1*","fileNames":["/home/fetz/.emacs.d/.local/etc/lsp/npm/typescript/lib/node_modules/typescript/lib/lib.es5.d.ts","/home/fetz/.emacs.d/.local/etc/lsp/npm/typescript/lib/node_modules/typescript/lib/lib.es2015.d.ts","/home/fetz/.emacs.d/.local/etc/lsp/npm/typescript/lib/node_modules/typescript/lib/lib.es2016.d.ts","/home/fetz/.emacs.d/.local/etc/lsp/npm/typescript/lib/node_modules/typescript/lib/lib.dom.d.ts","/home/fetz/.emacs.d/.local/etc/lsp/npm/typescript/lib/node_modules/typescript/lib/lib.dom.iterable.d.ts","/home/fetz/.emacs.d/.local/etc/lsp/npm/typescript/lib/node_modules/typescript/lib/lib.webworker.importscripts.d.ts","/home/fetz/.emacs.d/.local/etc/lsp/npm/typescript/lib/node_modules/typescript/lib/lib.scripthost.d.ts","/home/fetz/.emacs.d/.local/etc/lsp/npm/typescript/lib/node_modules/typescript/lib/lib.es2015.core.d.ts","/home/fetz/.emacs.d/.local/etc/lsp/npm/typescript/lib/node_modules/typescript/lib/lib.es2015.collection.d.ts","/home/fetz/.emacs.d/.local/etc/lsp/npm/typescript/lib/node_modules/typescript/lib/lib.es2015.generator.d.ts","/home/fetz/.emacs.d/.local/etc/lsp/npm/typescript/lib/node_modules/typescript/lib/lib.es2015.iterable.d.ts","/home/fetz/.emacs.d/.local/etc/lsp/npm/typescript/lib/node_modules/typescript/lib/lib.es2015.promise.d.ts","/home/fetz/.emacs.d/.local/etc/lsp/npm/typescript/lib/node_modules/typescript/lib/lib.es2015.proxy.d.ts","/home/fetz/.emacs.d/.local/etc/lsp/npm/typescript/lib/node_modules/typescript/lib/lib.es2015.reflect.d.ts","/home/fetz/.emacs.d/.local/etc/lsp/npm/typescript/lib/node_modules/typescript/lib/lib.es2015.symbol.d.ts","/home/fetz/.emacs.d/.local/etc/lsp/npm/typescript/lib/node_modules/typescript/lib/lib.es2015.symbol.wellknown.d.ts","/home/fetz/.emacs.d/.local/etc/lsp/npm/typescript/lib/node_modules/typescript/lib/lib.es2016.array.include.d.ts","/home/fetz/.emacs.d/.local/etc/lsp/npm/typescript/lib/node_modules/typescript/lib/lib.es2016.full.d.ts","/home/fetz/Projects/relon/app.js"],"compilerOptions":{"module":1,"target":3,"jsx":1,"allowJs":true,"allowSyntheticDefaultImports":true,"allowNonTsExtensions":true,"noEmitForJsFiles":true,"maxNodeModuleJsDepth":2},"typeAcquisition":{"enable":true,"include":[],"exclude":[]},"unresolvedImports":[],"projectRootPath":"/home/fetz/Projects/relon","kind":"discover"}
[15:55:35.124] Loaded safelist from types map file '/home/fetz/.emacs.d/.local/etc/lsp/npm/typescript/lib/node_modules/typescript/lib/typesMap.json'
[15:55:35.125] Explicitly included types: []
[15:55:35.125] Typing names in '/home/fetz/Projects/relon/package.json' dependencies: []
[15:55:35.126] Inferred typings from unresolved imports: []
[15:55:35.126] Result: {"cachedTypingPaths":[],"newTypingNames":[],"filesToWatch":["/home/fetz/Projects/relon/bower_components","/home/fetz/Projects/relon/package.json","/home/fetz/Projects/relon/node_modules"]}
[15:55:35.126] Finished typings discovery: {"cachedTypingPaths":[],"newTypingNames":[],"filesToWatch":["/home/fetz/Projects/relon/bower_components","/home/fetz/Projects/relon/package.json","/home/fetz/Projects/relon/node_modules"]}
[15:55:35.126] DirectoryWatcher:: Added:: WatchInfo: /home/fetz/Projects/relon/bower_components
[15:55:35.127] DirectoryWatcher:: Added:: WatchInfo: /home/fetz/Projects/relon/bower_components 1 undefined Project: /dev/null/inferredProject1* watcher already invoked: false
[15:55:35.128] Elapsed:: 1.2132220268249512ms DirectoryWatcher:: Added:: WatchInfo: /home/fetz/Projects/relon/bower_components 1 undefined Project: /dev/null/inferredProject1* watcher already invoked: false
[15:55:35.128] FileWatcher:: Added:: WatchInfo: /home/fetz/Projects/relon/package.json
[15:55:35.128] FileWatcher:: Added:: WatchInfo: /home/fetz/Projects/relon/package.json 2000 undefined Project: /dev/null/inferredProject1* watcher already invoked: false
[15:55:35.128] DirectoryWatcher:: Added:: WatchInfo: /home/fetz/Projects/relon/node_modules
[15:55:35.128] DirectoryWatcher:: Added:: WatchInfo: /home/fetz/Projects/relon/node_modules 1 undefined Project: /dev/null/inferredProject1* watcher already invoked: false
[15:55:35.128] Elapsed:: 0.08036398887634277ms DirectoryWatcher:: Added:: WatchInfo: /home/fetz/Projects/relon/node_modules 1 undefined Project: /dev/null/inferredProject1* watcher already invoked: false
[15:55:35.128] Sending response:
    {"projectName":"/dev/null/inferredProject1*","typeAcquisition":{"enable":true,"include":[],"exclude":[]},"compilerOptions":{"module":1,"target":3,"jsx":1,"allowJs":true,"allowSyntheticDefaultImports":true,"allowNonTsExtensions":true,"noEmitForJsFiles":true,"maxNodeModuleJsDepth":2},"typings":[],"unresolvedImports":[],"kind":"action::set"}
[15:55:35.129] Response has been sent.
[15:55:35.129] No new typings were requested as a result of typings discovery
